<?xml version="1.0" encoding="UTF-8"?>
<!-- Generated by org.testng.reporters.JUnitReportReporter -->
<testsuite hostname="Butterfly" failures="0" tests="1" name="ccmm.Tst" time="0.027" errors="0" timestamp="2023-04-30T22:39:02 IST" skipped="0">
  <testcase classname="ccmm.Tst" name="get" time="0.027"/>
  <system-out/>
</testsuite> <!-- ccmm.Tst -->
